Building DAG of jobs...
Using shell: /usr/bin/bash
Provided cores: 96
Rules claiming more threads will be scaled down.
Job counts:
	count	jobs
	1	spades
	1

[Mon Apr  6 18:55:05 2020]
rule spades:
    input: /ifs/data/mmbdiagnostics/WGS/illumina/i41health/harmonisatie/2200296-UA/2200296_UA_panel_2_S5_L001_R1_001.fastq.gz, /ifs/data/mmbdiagnostics/WGS/illumina/i41health/harmonisatie/2200296-UA/2200296_UA_panel_2_S5_L001_R2_001.fastq.gz
    output: results/2200296-UA/spades/assembly/assembly.fasta
    jobid: 0
    wildcards: sample=2200296-UA
    threads: 16

Activating conda environment: /home/c.jamin/analyses/assemblercompareharmo/assemblercompare/.snakemake/conda/217e9d4d


== Warning ==  No assembly mode was sepcified! If you intend to assemble high-coverage multi-cell/isolate data, use '--isolate' option.


Command line: /home/c.jamin/analyses/assemblercompareharmo/assemblercompare/.snakemake/conda/217e9d4d/bin/spades.py	-1	/ifs/data/mmbdiagnostics/WGS/illumina/i41health/harmonisatie/2200296-UA/2200296_UA_panel_2_S5_L001_R1_001.fastq.gz	-2	/ifs/data/mmbdiagnostics/WGS/illumina/i41health/harmonisatie/2200296-UA/2200296_UA_panel_2_S5_L001_R2_001.fastq.gz	-o	/home/c.jamin/analyses/assemblercompareharmo/assemblercompare/results/2200296-UA/spades/assembly	-t	16	

System information:
  SPAdes version: 3.14.0
  Python version: 3.8.2
  OS: Linux-3.10.0-1062.1.1.el7.x86_64-x86_64-with-glibc2.10

Output dir: /home/c.jamin/analyses/assemblercompareharmo/assemblercompare/results/2200296-UA/spades/assembly
Mode: read error correction and assembling
Debug mode is turned OFF

Dataset parameters:
  Standard mode
  For multi-cell/isolate data we recommend to use '--isolate' option; for single-cell MDA data use '--sc'; for metagenomic data use '--meta'; for RNA-Seq use '--rna'.
  Reads:
    Library number: 1, library type: paired-end
      orientation: fr
      left reads: ['/ifs/data/mmbdiagnostics/WGS/illumina/i41health/harmonisatie/2200296-UA/2200296_UA_panel_2_S5_L001_R1_001.fastq.gz']
      right reads: ['/ifs/data/mmbdiagnostics/WGS/illumina/i41health/harmonisatie/2200296-UA/2200296_UA_panel_2_S5_L001_R2_001.fastq.gz']
      interlaced reads: not specified
      single reads: not specified
      merged reads: not specified
Read error correction parameters:
  Iterations: 1
  PHRED offset will be auto-detected
  Corrected reads will be compressed
Assembly parameters:
  k: automatic selection based on read length
  Repeat resolution is enabled
  Mismatch careful mode is turned OFF
  MismatchCorrector will be SKIPPED
  Coverage cutoff is turned OFF
Other parameters:
  Dir for temp files: /home/c.jamin/analyses/assemblercompareharmo/assemblercompare/results/2200296-UA/spades/assembly/tmp
  Threads: 16
  Memory limit (in Gb): 250


======= SPAdes pipeline started. Log can be found here: /home/c.jamin/analyses/assemblercompareharmo/assemblercompare/results/2200296-UA/spades/assembly/spades.log

/ifs/data/mmbdiagnostics/WGS/illumina/i41health/harmonisatie/2200296-UA/2200296_UA_panel_2_S5_L001_R1_001.fastq.gz: max reads length: 251
/ifs/data/mmbdiagnostics/WGS/illumina/i41health/harmonisatie/2200296-UA/2200296_UA_panel_2_S5_L001_R2_001.fastq.gz: max reads length: 251

Reads length: 251

Default k-mer sizes were set to [21, 33, 55, 77, 99, 127] because estimated read length (251) is equal to or greater than 250

===== Read error correction started. 


===== Read error correction started. 


== Running: /home/c.jamin/analyses/assemblercompareharmo/assemblercompare/.snakemake/conda/217e9d4d/bin/spades-hammer /home/c.jamin/analyses/assemblercompareharmo/assemblercompare/results/2200296-UA/spades/assembly/corrected/configs/config.info

  0:00:00.000    13M / 19M   INFO    General                 (main.cpp                  :  75)   Starting BayesHammer, built from N/A, git revision N/A
  0:00:00.001    13M / 19M   INFO    General                 (main.cpp                  :  76)   Loading config from /home/c.jamin/analyses/assemblercompareharmo/assemblercompare/results/2200296-UA/spades/assembly/corrected/configs/config.info
  0:00:00.002    13M / 19M   INFO    General                 (main.cpp                  :  78)   Maximum # of threads to use (adjusted due to OMP capabilities): 16
  0:00:00.002    13M / 19M   INFO    General                 (memory_limit.cpp          :  49)   Memory limit set to 250 Gb
  0:00:00.002    13M / 19M   INFO    General                 (main.cpp                  :  86)   Trying to determine PHRED offset
  0:00:00.003    13M / 19M   INFO    General                 (main.cpp                  :  92)   Determined value is 33
  0:00:00.003    13M / 19M   INFO    General                 (hammer_tools.cpp          :  38)   Hamming graph threshold tau=1, k=21, subkmer positions = [ 0 10 ]
  0:00:00.003    13M / 19M   INFO    General                 (main.cpp                  : 113)   Size of aux. kmer data 24 bytes
     === ITERATION 0 begins ===
  0:00:00.005    13M / 19M   INFO   K-mer Index Building     (kmer_index_builder.hpp    : 301)   Building kmer index
  0:00:00.005    13M / 19M   INFO    General                 (kmer_index_builder.hpp    : 117)   Splitting kmer instances into 256 files using 16 threads. This might take a while.
  0:00:00.006    14M / 19M   INFO    General                 (file_limit.hpp            :  32)   Open file limit set to 65536
  0:00:00.006    14M / 19M   INFO    General                 (kmer_splitters.hpp        :  89)   Memory available for splitting buffers: 5.20832 Gb
  0:00:00.006    14M / 19M   INFO    General                 (kmer_splitters.hpp        :  97)   Using cell size of 262144
  0:00:00.010    11G / 11G   INFO   K-mer Splitting          (kmer_data.cpp             :  97)   Processing /ifs/data/mmbdiagnostics/WGS/illumina/i41health/harmonisatie/2200296-UA/2200296_UA_panel_2_S5_L001_R1_001.fastq.gz
  0:00:17.965    11G / 11G   INFO   K-mer Splitting          (kmer_data.cpp             : 107)   Processed 1647291 reads
  0:00:17.966    11G / 11G   INFO   K-mer Splitting          (kmer_data.cpp             :  97)   Processing /ifs/data/mmbdiagnostics/WGS/illumina/i41health/harmonisatie/2200296-UA/2200296_UA_panel_2_S5_L001_R2_001.fastq.gz
  0:00:39.953    11G / 11G   INFO   K-mer Splitting          (kmer_data.cpp             : 107)   Processed 3294582 reads
  0:00:39.956    11G / 11G   INFO   K-mer Splitting          (kmer_data.cpp             : 112)   Total 3294582 reads processed
  0:00:40.120   194M / 11G   INFO    General                 (kmer_index_builder.hpp    : 120)   Starting k-mer counting.
  0:00:48.444    69M / 11G   INFO    General                 (kmer_index_builder.hpp    : 127)   K-mer counting done. There are 74810152 kmers in total.
  0:00:48.444    69M / 11G   INFO    General                 (kmer_index_builder.hpp    : 133)   Merging temporary buckets.
  0:00:54.657    69M / 11G   INFO   K-mer Index Building     (kmer_index_builder.hpp    : 314)   Building perfect hash indices
  0:00:55.850   127M / 11G   INFO    General                 (kmer_index_builder.hpp    : 150)   Merging final buckets.
  0:01:05.039   127M / 11G   INFO   K-mer Index Building     (kmer_index_builder.hpp    : 336)   Index built. Total 34697448 bytes occupied (3.71045 bits per kmer).
  0:01:05.043   124M / 11G   INFO   K-mer Counting           (kmer_data.cpp             : 351)   Arranging kmers in hash map order
  0:01:09.422     2G / 11G   INFO    General                 (main.cpp                  : 148)   Clustering Hamming graph.
  0:02:40.582     2G / 11G   INFO    General                 (main.cpp                  : 155)   Extracting clusters
slurmstepd: error: *** JOB 3101 ON node003 CANCELLED AT 2020-04-06T18:58:22 ***
